<?xml version="1.0" encoding="UTF-8"?>
<!-- Generated by org.testng.reporters.JUnitXMLReporter -->
<testsuite hostname="Abhinavs-MacBook-Air.local" ignored="0" name="Default test" tests="2" failures="0" timestamp="29 Jul 2018 13:44:53 GMT" time="50.927" errors="0">
  <testcase name="invalidLoginTest_InvalidUserNameInvalidPassword" time="32.329" classname="tests.LoginTests"/>
  <testcase name="invalidLoginTest_EmptyUserEmptyPassword" time="11.744" classname="tests.LoginTests"/>
</testsuite> <!-- Default test -->
