<?xml version="1.0" encoding="UTF-8"?>
<testng-results skipped="0" failed="0" ignored="0" total="2" passed="2">
  <reporter-output>
  </reporter-output>
  <suite name="N11 Test Suite" duration-ms="49479" started-at="2018-07-29T13:47:55Z" finished-at="2018-07-29T13:48:45Z">
    <groups>
    </groups>
    <test name="LoginTest" duration-ms="49479" started-at="2018-07-29T13:47:55Z" finished-at="2018-07-29T13:48:45Z">
      <class name="tests.LoginTests">
        <test-method status="PASS" signature="setupTestData()[pri:0, instance:tests.LoginTests@5fd62371]" name="setupTestData" is-config="true" duration-ms="2003" started-at="2018-07-29T19:17:55Z" finished-at="2018-07-29T19:17:57Z">
          <reporter-output>
          </reporter-output>
        </test-method> <!-- setupTestData -->
        <test-method status="PASS" signature="setup()[pri:0, instance:tests.LoginTests@5fd62371]" name="setup" is-config="true" duration-ms="3938" started-at="2018-07-29T19:17:57Z" description="Class Level Setup!" finished-at="2018-07-29T19:18:01Z">
          <reporter-output>
          </reporter-output>
        </test-method> <!-- setup -->
        <test-method status="PASS" signature="invalidLoginTest_InvalidUserNameInvalidPassword()[pri:0, instance:tests.LoginTests@5fd62371]" name="invalidLoginTest_InvalidUserNameInvalidPassword" duration-ms="29368" started-at="2018-07-29T19:18:01Z" description="Invalid Login Scenario with wrong username and password." finished-at="2018-07-29T19:18:31Z">
          <reporter-output>
          </reporter-output>
        </test-method> <!-- invalidLoginTest_InvalidUserNameInvalidPassword -->
        <test-method status="PASS" signature="invalidLoginTest_EmptyUserEmptyPassword()[pri:1, instance:tests.LoginTests@5fd62371]" name="invalidLoginTest_EmptyUserEmptyPassword" duration-ms="13104" started-at="2018-07-29T19:18:31Z" description="Invalid Login Scenario with empty username and password." finished-at="2018-07-29T19:18:44Z">
          <reporter-output>
          </reporter-output>
        </test-method> <!-- invalidLoginTest_EmptyUserEmptyPassword -->
        <test-method status="PASS" signature="teardown()[pri:0, instance:tests.LoginTests@5fd62371]" name="teardown" is-config="true" duration-ms="255" started-at="2018-07-29T19:18:45Z" description="Class Level Teardown!" finished-at="2018-07-29T19:18:45Z">
          <reporter-output>
          </reporter-output>
        </test-method> <!-- teardown -->
      </class> <!-- tests.LoginTests -->
    </test> <!-- LoginTest -->
  </suite> <!-- N11 Test Suite -->
</testng-results>
